[2025-06-26 21:52:03.182] [info] Updating Model file from 40000 to latest format...
[2025-06-26 21:52:03.207] [info] Loaded model 3DGaitModel2392 from file cfg/LowerLimbModel/model/gait2392.osim
[2025-06-26 21:53:25.976] [info] Updating Model file from 40000 to latest format...
[2025-06-26 21:53:26.001] [info] Loaded model 3DGaitModel2392 from file cfg/LowerLimbModel/model/gait2392.osim
[2025-06-26 22:16:28.486] [info] Updating Model file from 40000 to latest format...
[2025-06-26 22:16:28.511] [info] Loaded model 3DGaitModel2392 from file cfg/LowerLimbModel/model/gait2392.osim
[2025-06-26 22:16:29.251] [error] StateVector.print(FILE*): error writing to file.
[2025-06-26 22:16:29.251] [error] Storage.print: error printing to cfg/OutputCalibration/ma_BetweenNode_0_ankle_angle_l.mot.
[2025-06-26 22:18:36.639] [info] Updating Model file from 40000 to latest format...
[2025-06-26 22:18:36.663] [info] Loaded model 3DGaitModel2392 from file cfg/LowerLimbModel/model/gait2392.osim
[2025-06-26 22:18:57.486] [info] Updating Model file from 40000 to latest format...
[2025-06-26 22:18:57.511] [info] Loaded model 3DGaitModel2392 from file cfg/LowerLimbModel/model/gait2392.osim
[2025-06-26 22:19:24.656] [info] Updating Model file from 40000 to latest format...
[2025-06-26 22:19:24.682] [info] Loaded model 3DGaitModel2392 from file cfg/LowerLimbModel/model/gait2392.osim
[2025-06-26 22:20:43.936] [info] Updating Model file from 40000 to latest format...
[2025-06-26 22:20:43.961] [info] Loaded model 3DGaitModel2392 from file cfg/LowerLimbModel/model/gait2392.osim
[2025-06-26 22:20:46.474] [info] Updating Model file from 40000 to latest format...
[2025-06-26 22:20:46.498] [info] Loaded model 3DGaitModel2392 from file cfg/LowerLimbModel/model/gait2392.osim
[2025-06-26 22:20:52.490] [info] Updating Model file from 40000 to latest format...
[2025-06-26 22:20:52.515] [info] Loaded model 3DGaitModel2392 from file cfg/LowerLimbModel/model/gait2392.osim
[2025-06-26 22:21:27.549] [info] Updating Model file from 40000 to latest format...
[2025-06-26 22:21:27.574] [info] Loaded model 3DGaitModel2392 from file cfg/LowerLimbModel/model/gait2392.osim
[2025-06-26 22:22:05.370] [info] Updating Model file from 40000 to latest format...
[2025-06-26 22:22:05.394] [info] Loaded model 3DGaitModel2392 from file cfg/LowerLimbModel/model/gait2392.osim
[2025-06-26 22:22:26.572] [info] Updating Model file from 40000 to latest format...
[2025-06-26 22:22:26.597] [info] Loaded model 3DGaitModel2392 from file cfg/LowerLimbModel/model/gait2392.osim
[2025-06-26 22:23:08.527] [info] Updating Model file from 40000 to latest format...
[2025-06-26 22:23:08.552] [info] Loaded model 3DGaitModel2392 from file cfg/LowerLimbModel/model/gait2392.osim
[2025-06-26 22:23:46.291] [info] Updating Model file from 40000 to latest format...
[2025-06-26 22:23:46.316] [info] Loaded model 3DGaitModel2392 from file cfg/LowerLimbModel/model/gait2392.osim
[2025-06-26 22:24:25.554] [info] Updating Model file from 40000 to latest format...
[2025-06-26 22:24:25.579] [info] Loaded model 3DGaitModel2392 from file cfg/LowerLimbModel/model/gait2392.osim
[2025-06-26 22:24:25.720] [error] StateVector.print(FILE*): error writing to file.
[2025-06-26 22:24:25.720] [error] Storage.print: error printing to cfg/OutputCalibration/angles_0.mot.
[2025-06-26 22:24:25.720] [error] StateVector.print(FILE*): error writing to file.
[2025-06-26 22:24:25.720] [error] Storage.print: error printing to cfg/OutputCalibration/angles_BetweenNode_0.mot.
[2025-06-26 22:24:26.019] [error] StateVector.print(FILE*): error writing to file.
[2025-06-26 22:24:26.019] [error] Storage.print: error printing to cfg/OutputCalibration/lmt_0.mot.
[2025-06-26 22:24:26.020] [error] StateVector.print(FILE*): error writing to file.
[2025-06-26 22:24:26.020] [error] Storage.print: error printing to cfg/OutputCalibration/ma_0_ankle_angle_l.mot.
[2025-06-26 22:24:26.020] [error] StateVector.print(FILE*): error writing to file.
[2025-06-26 22:24:26.020] [error] Storage.print: error printing to cfg/OutputCalibration/ma_0_ankle_angle_r.mot.
[2025-06-26 22:42:19.496] [info] Updating Model file from 40000 to latest format...
[2025-06-26 22:42:19.521] [info] Loaded model 3DGaitModel2392 from file cfg/LowerLimbModel/model/gait2392.osim
[2025-06-26 22:46:47.447] [info] Updating Model file from 40000 to latest format...
[2025-06-26 22:46:47.472] [info] Loaded model 3DGaitModel2392 from file cfg/LowerLimbModel/model/gait2392.osim
[2025-06-26 22:48:34.250] [info] Updating Model file from 40000 to latest format...
[2025-06-26 22:48:34.277] [info] Loaded model 3DGaitModel2392 from file cfg/LowerLimbModel/model/gait2392.osim
[2025-06-26 22:51:19.241] [info] Updating Model file from 40000 to latest format...
[2025-06-26 22:51:19.271] [info] Loaded model 3DGaitModel2392 from file cfg/LowerLimbModel/model/gait2392.osim
[2025-06-26 23:29:20.366] [info] Updating Model file from 40000 to latest format...
[2025-06-26 23:29:20.393] [info] Loaded model 3DGaitModel2392 from file cfg/LowerLimbModel/model/gait2392.osim
[2025-06-26 23:29:55.767] [info] Updating Model file from 40000 to latest format...
[2025-06-26 23:29:55.794] [info] Loaded model 3DGaitModel2392 from file cfg/LowerLimbModel/model/gait2392.osim
[2025-06-26 23:54:47.011] [info] Updating Model file from 40000 to latest format...
[2025-06-26 23:54:47.036] [info] Loaded model 3DGaitModel2392 from file cfg/LowerLimbModel/model/gait2392.osim
